# This file contains the data of final population
# of objectives = 3, # of constraints = 0, # of real_var = 2, # of bits of bin_var = 0, constr_violation, rank, crowding_distance
-2.999943e+00	-1.451227e+14	0.000000e+00	-2.999943e+00	-1.854076e+00	0.000000e+00	1	1.000000e+14
-2.999999e+00	-9.871226e+13	0.000000e+00	-2.999999e+00	-2.341422e+00	0.000000e+00	1	6.184628e-01
-2.999999e+00	-8.964310e+13	0.000000e+00	-2.999999e+00	-1.031717e+00	0.000000e+00	1	9.699066e-02
-3.000000e+00	-8.120451e+13	0.000000e+00	-3.000000e+00	-1.916813e+00	0.000000e+00	1	1.000000e+14
-2.999923e+00	-9.500613e+13	0.000000e+00	-2.999923e+00	-1.722771e+00	0.000000e+00	2	1.595686e-01
-2.988597e+00	-1.131412e+14	0.000000e+00	-2.988597e+00	-1.430408e+00	0.000000e+00	2	3.141722e-01
-2.990795e+00	-1.015341e+14	0.000000e+00	-2.990795e+00	-2.267742e+00	0.000000e+00	2	1.182081e-01
-2.876907e+00	-1.426965e+14	0.000000e+00	-2.876907e+00	-1.297606e+00	0.000000e+00	2	1.000000e+14
-2.927836e+00	-1.312998e+14	0.000000e+00	-2.927836e+00	-7.346285e-01	0.000000e+00	2	4.451174e-01
-3.000000e+00	-7.364035e+13	0.000000e+00	-3.000000e+00	-1.409522e+00	0.000000e+00	2	1.000000e+14
-3.000000e+00	-7.097180e+13	0.000000e+00	-3.000000e+00	-9.223160e-01	0.000000e+00	3	1.000000e+14
-2.999559e+00	-7.864314e+13	0.000000e+00	-2.999559e+00	-1.036956e+00	0.000000e+00	3	9.189812e-02
-2.994819e+00	-8.462682e+13	0.000000e+00	-2.994819e+00	-1.405956e+00	0.000000e+00	3	1.000000e+14
-2.704867e+00	-1.238695e+14	0.000000e+00	-2.704867e+00	-2.080817e+00	0.000000e+00	3	1.000000e+14
-2.962693e+00	-1.038826e+14	0.000000e+00	-2.962693e+00	-2.231409e+00	0.000000e+00	3	3.013320e-01
-2.884446e+00	-1.126635e+14	0.000000e+00	-2.884446e+00	-2.090587e+00	0.000000e+00	3	4.171440e-01
-2.999954e+00	-7.009508e+13	0.000000e+00	-2.999954e+00	-2.292950e+00	0.000000e+00	4	1.631287e-02
-3.000000e+00	-6.886457e+13	0.000000e+00	-3.000000e+00	8.674740e-02	0.000000e+00	4	1.000000e+14
-2.905006e+00	-7.553435e+13	0.000000e+00	-2.905006e+00	-1.283395e+00	0.000000e+00	4	1.460610e-01
-2.998871e+00	-7.126524e+13	0.000000e+00	-2.998871e+00	-2.393901e+00	0.000000e+00	4	1.000000e+14
-2.810996e+00	-8.095782e+13	0.000000e+00	-2.810996e+00	-2.461361e+00	0.000000e+00	4	1.361841e-01
-2.238063e+00	-1.194503e+14	0.000000e+00	-2.238063e+00	-2.282665e+00	0.000000e+00	4	1.000000e+14
-2.768628e+00	-8.714700e+13	0.000000e+00	-2.768628e+00	-2.304873e+00	0.000000e+00	4	2.602799e-01
-2.553153e+00	-1.033387e+14	0.000000e+00	-2.553153e+00	-2.319914e+00	0.000000e+00	4	4.449740e-01
-3.000000e+00	-6.616192e+13	0.000000e+00	-3.000000e+00	-5.894432e-01	0.000000e+00	5	1.000000e+14
-1.995826e+00	-1.088758e+14	0.000000e+00	-1.995826e+00	-1.374232e+00	0.000000e+00	5	1.000000e+14
-2.950676e+00	-6.712664e+13	0.000000e+00	-2.950676e+00	-1.339348e+00	0.000000e+00	5	2.486133e-01
-2.599447e+00	-8.098158e+13	0.000000e+00	-2.599447e+00	-1.702546e+00	0.000000e+00	5	2.510665e-01
-2.565477e+00	-8.291377e+13	0.000000e+00	-2.565477e+00	-2.396336e+00	0.000000e+00	5	4.180533e-01
-2.981416e+00	-6.370069e+13	0.000000e+00	-2.981416e+00	-1.767523e+00	0.000000e+00	6	7.605226e-02
-2.999970e+00	-4.987975e+13	0.000000e+00	-2.999970e+00	-1.201943e+00	0.000000e+00	6	1.000000e+14
-3.000000e+00	-3.818548e+13	0.000000e+00	-3.000000e+00	-2.450692e+00	0.000000e+00	6	1.000000e+14
-2.999999e+00	-4.770379e+13	0.000000e+00	-2.999999e+00	-1.031717e+00	0.000000e+00	6	4.750518e-02
-3.000000e+00	-4.303653e+13	0.000000e+00	-3.000000e+00	-1.865420e+00	0.000000e+00	6	6.606503e-02
-2.999940e+00	-5.600341e+13	0.000000e+00	-2.999940e+00	-2.241240e+00	0.000000e+00	6	1.007342e-01
-2.936016e+00	-6.457524e+13	0.000000e+00	-2.936016e+00	-2.066568e+00	0.000000e+00	6	2.227996e-01
-2.224766e+00	-6.756484e+13	0.000000e+00	-2.224766e+00	-2.124484e+00	0.000000e+00	6	4.669278e-01
-1.713044e+00	-8.621061e+13	0.000000e+00	-1.713044e+00	-1.623734e+00	0.000000e+00	6	1.000000e+14
-2.999807e+00	-5.392949e+13	0.000000e+00	-2.999807e+00	-2.711456e+00	0.000000e+00	7	9.540598e-02
-2.999642e+00	-5.499237e+13	0.000000e+00	-2.999642e+00	-1.721824e+00	0.000000e+00	7	1.024348e-01
-3.000000e+00	-3.209965e+13	0.000000e+00	-3.000000e+00	-2.073497e+00	0.000000e+00	7	1.000000e+14
-2.999923e+00	-4.629432e+13	0.000000e+00	-2.999923e+00	-2.293716e+00	0.000000e+00	7	2.385941e-01
-2.978254e+00	-6.002986e+13	0.000000e+00	-2.978254e+00	-2.517303e-01	0.000000e+00	7	4.161975e-01
-2.799600e+00	-6.263863e+13	0.000000e+00	-2.799600e+00	-2.389645e+00	0.000000e+00	7	1.000000e+14
-2.986199e+00	-4.768930e+13	0.000000e+00	-2.986199e+00	-1.367001e+00	0.000000e+00	8	2.015209e-01
-2.999998e+00	-3.141676e+13	0.000000e+00	-2.999998e+00	-2.253474e+00	0.000000e+00	8	1.178195e-01
-3.000000e+00	-3.100300e+13	0.000000e+00	-3.000000e+00	-1.351362e+00	0.000000e+00	8	1.000000e+14
-2.999893e+00	-4.103824e+13	0.000000e+00	-2.999893e+00	-5.570214e-01	0.000000e+00	8	1.343133e-01
-2.929529e+00	-5.876288e+13	0.000000e+00	-2.929529e+00	-1.182829e+00	0.000000e+00	8	4.678918e-01
-2.998533e+00	-4.283277e+13	0.000000e+00	-2.998533e+00	-1.055770e+00	0.000000e+00	8	1.000000e+14
-1.416770e+00	-5.940001e+13	0.000000e+00	-1.416770e+00	-2.259729e+00	0.000000e+00	8	1.000000e+14
-2.999893e+00	-3.896408e+13	0.000000e+00	-2.999893e+00	-6.036729e-01	0.000000e+00	9	2.038075e-01
-3.000000e+00	-3.007058e+13	0.000000e+00	-3.000000e+00	-2.577605e+00	0.000000e+00	9	1.000000e+14
-2.985539e+00	-4.552793e+13	0.000000e+00	-2.985539e+00	-2.506731e+00	0.000000e+00	9	2.812526e-01
-2.814213e+00	-5.697167e+13	0.000000e+00	-2.814213e+00	-2.517074e+00	0.000000e+00	9	1.000000e+14
-2.741210e+00	-5.789447e+13	0.000000e+00	-2.741210e+00	-2.448868e+00	0.000000e+00	9	1.000000e+14
-2.910073e+00	-5.278366e+13	0.000000e+00	-2.910073e+00	-1.462858e+00	0.000000e+00	9	3.577734e-01
-3.000000e+00	-2.851068e+13	0.000000e+00	-3.000000e+00	-2.166073e+00	0.000000e+00	10	1.000000e+14
-2.957606e+00	-3.871756e+13	0.000000e+00	-2.957606e+00	-1.750073e+00	0.000000e+00	10	2.039908e-01
-2.998325e+00	-3.761124e+13	0.000000e+00	-2.998325e+00	-1.871958e+00	0.000000e+00	10	9.352040e-02
-2.999784e+00	-3.235169e+13	0.000000e+00	-2.999784e+00	-7.213145e-01	0.000000e+00	10	1.104392e-01
-2.905903e+00	-5.148288e+13	0.000000e+00	-2.905903e+00	-1.966310e+00	0.000000e+00	10	5.267287e-01
-2.159765e+00	-5.614471e+13	0.000000e+00	-2.159765e+00	-1.647718e+00	0.000000e+00	10	1.000000e+14
-2.669637e+00	-5.145213e+13	0.000000e+00	-2.669637e+00	8.314514e-01	0.000000e+00	11	1.000000e+14
-3.000000e+00	-2.126215e+13	0.000000e+00	-3.000000e+00	-1.534831e+00	0.000000e+00	11	1.000000e+14
-2.999998e+00	-2.135154e+13	0.000000e+00	-2.999998e+00	-1.790197e+00	0.000000e+00	11	1.000000e+14
-2.999783e+00	-2.739228e+13	0.000000e+00	-2.999783e+00	-2.294691e+00	0.000000e+00	11	2.582050e-02
-2.999937e+00	-2.677715e+13	0.000000e+00	-2.999937e+00	-1.410932e+00	0.000000e+00	11	2.485959e-02
-2.999964e+00	-2.515730e+13	0.000000e+00	-2.999964e+00	-1.999932e+00	0.000000e+00	11	5.996698e-02
-2.886090e+00	-3.700366e+13	0.000000e+00	-2.886090e+00	-1.135743e+00	0.000000e+00	11	2.459584e-01
-2.999166e+00	-2.904523e+13	0.000000e+00	-2.999166e+00	-1.800685e+00	0.000000e+00	11	8.637294e-02
-2.997921e+00	-3.504495e+13	0.000000e+00	-2.997921e+00	-2.090117e+00	0.000000e+00	11	2.019633e-01
-2.789796e+00	-4.437762e+13	0.000000e+00	-2.789796e+00	-1.563200e+00	0.000000e+00	11	2.664321e-01
-2.799600e+00	-3.919795e+13	0.000000e+00	-2.799600e+00	-2.577605e+00	0.000000e+00	11	1.785770e-01
-2.541553e+00	-4.625640e+13	0.000000e+00	-2.541553e+00	-2.319914e+00	0.000000e+00	12	1.374382e-01
-2.999830e+00	-2.548614e+13	0.000000e+00	-2.999830e+00	-2.183028e+00	0.000000e+00	12	7.095316e-02
-2.999576e+00	-2.629827e+13	0.000000e+00	-2.999576e+00	-2.441892e+00	0.000000e+00	12	5.702831e-02
-2.999999e+00	-1.984961e+13	0.000000e+00	-2.999999e+00	-1.147558e+00	0.000000e+00	12	6.546094e-02
-3.000000e+00	-1.953147e+13	0.000000e+00	-3.000000e+00	-1.916813e+00	0.000000e+00	12	1.000000e+14
-2.986524e+00	-3.433734e+13	0.000000e+00	-2.986524e+00	-1.367001e+00	0.000000e+00	12	1.490988e-01
-2.986700e+00	-3.036725e+13	0.000000e+00	-2.986700e+00	-1.441615e+00	0.000000e+00	12	9.170105e-02
-2.729681e+00	-3.787088e+13	0.000000e+00	-2.729681e+00	-1.198075e+00	0.000000e+00	12	1.000000e+14
-2.654171e+00	-3.971145e+13	0.000000e+00	-2.654171e+00	-2.524058e+00	0.000000e+00	12	1.409179e-01
-2.433964e+00	-4.702281e+13	0.000000e+00	-2.433964e+00	-2.361017e+00	0.000000e+00	12	7.985765e-02
-2.321335e+00	-4.832612e+13	0.000000e+00	-2.321335e+00	-1.916813e+00	0.000000e+00	12	2.178346e-01
-1.714882e+00	-4.987371e+13	0.000000e+00	-1.714882e+00	-1.152162e+00	0.000000e+00	12	1.000000e+14
-2.999757e+00	-2.077150e+13	0.000000e+00	-2.999757e+00	-2.642473e+00	0.000000e+00	13	6.474766e-02
-2.997007e+00	-2.481311e+13	0.000000e+00	-2.997007e+00	-2.285832e+00	0.000000e+00	13	3.061481e-02
-3.000000e+00	-1.885671e+13	0.000000e+00	-3.000000e+00	-2.698753e+00	0.000000e+00	13	1.000000e+14
-2.994850e+00	-2.606621e+13	0.000000e+00	-2.994850e+00	-2.293716e+00	0.000000e+00	13	4.587912e-02
-2.999242e+00	-2.385411e+13	0.000000e+00	-2.999242e+00	-2.141766e+00	0.000000e+00	13	5.339367e-02
-2.969613e+00	-3.270816e+13	0.000000e+00	-2.969613e+00	-1.942193e+00	0.000000e+00	13	1.882485e-01
-2.745478e+00	-3.357872e+13	0.000000e+00	-2.745478e+00	-1.400070e+00	0.000000e+00	13	1.615463e-01
-2.977588e+00	-2.764799e+13	0.000000e+00	-2.977588e+00	-2.191069e+00	0.000000e+00	13	9.772941e-02
-2.714769e+00	-3.571597e+13	0.000000e+00	-2.714769e+00	-1.455806e+00	0.000000e+00	13	1.693889e-01
-2.555370e+00	-3.961650e+13	0.000000e+00	-2.555370e+00	-1.804293e+00	0.000000e+00	13	1.975307e-01
-2.308220e+00	-4.473034e+13	0.000000e+00	-2.308220e+00	-1.199184e+00	0.000000e+00	13	1.000000e+14
-2.475597e+00	-4.210307e+13	0.000000e+00	-2.475597e+00	-1.515904e+00	0.000000e+00	13	1.000000e+14
-2.996402e+00	-2.403212e+13	0.000000e+00	-2.996402e+00	6.646565e-01	0.000000e+00	14	1.466999e-01
-3.000000e+00	-1.716041e+13	0.000000e+00	-3.000000e+00	-2.412078e+00	0.000000e+00	14	1.000000e+14
-2.998839e+00	-1.779704e+13	0.000000e+00	-2.998839e+00	-2.451795e+00	0.000000e+00	14	8.700712e-02
-2.665965e+00	-3.161010e+13	0.000000e+00	-2.665965e+00	-2.203513e+00	0.000000e+00	14	3.409590e-01
-2.936016e+00	-3.055175e+13	0.000000e+00	-2.936016e+00	-9.178316e-01	0.000000e+00	14	1.000000e+14
-2.945722e+00	-2.796243e+13	0.000000e+00	-2.945722e+00	-2.291501e+00	0.000000e+00	14	1.039926e-01
-2.178805e+00	-3.504123e+13	0.000000e+00	-2.178805e+00	-8.072789e-01	0.000000e+00	14	3.608330e-01
-2.114372e+00	-4.390286e+13	0.000000e+00	-2.114372e+00	-1.861307e+00	0.000000e+00	14	1.000000e+14
-2.677557e+00	-3.017233e+13	0.000000e+00	-2.677557e+00	-1.452641e+00	0.000000e+00	15	2.680689e-01
-2.712692e+00	-2.967319e+13	0.000000e+00	-2.712692e+00	-2.882688e+00	0.000000e+00	15	9.771094e-02
-2.990795e+00	-2.275359e+13	0.000000e+00	-2.990795e+00	-1.969646e+00	0.000000e+00	15	1.287264e-01
-3.000000e+00	-1.712149e+13	0.000000e+00	-3.000000e+00	-1.690893e+00	0.000000e+00	15	1.000000e+14
-2.999941e+00	-1.714891e+13	0.000000e+00	-2.999941e+00	-1.159184e+00	0.000000e+00	15	1.000000e+14
-2.995979e+00	-1.828724e+13	0.000000e+00	-2.995979e+00	-2.111672e+00	0.000000e+00	15	8.593325e-02
-2.930922e+00	-2.617981e+13	0.000000e+00	-2.930922e+00	-1.515904e+00	0.000000e+00	15	1.455415e-01
-1.583125e+00	-3.637022e+13	0.000000e+00	-1.583125e+00	-2.257956e+00	0.000000e+00	15	4.220423e-01
-7.454155e-01	-3.920949e+13	0.000000e+00	-7.454155e-01	-1.101135e+00	0.000000e+00	15	1.000000e+14
-2.985202e+00	-2.066931e+13	0.000000e+00	-2.985202e+00	1.286607e+00	0.000000e+00	16	1.174247e-01
-2.994808e+00	-1.708054e+13	0.000000e+00	-2.994808e+00	-1.410932e+00	0.000000e+00	16	8.274890e-02
-2.998695e+00	-1.702447e+13	0.000000e+00	-2.998695e+00	-2.071083e+00	0.000000e+00	16	1.000000e+14
-3.000000e+00	-1.655160e+13	0.000000e+00	-3.000000e+00	-9.223160e-01	0.000000e+00	16	1.000000e+14
-2.977150e+00	-2.226783e+13	0.000000e+00	-2.977150e+00	-1.118935e+00	0.000000e+00	16	1.293463e-01
-2.904915e+00	-2.576631e+13	0.000000e+00	-2.904915e+00	-7.128067e-01	0.000000e+00	16	1.227227e-01
-2.792119e+00	-2.599993e+13	0.000000e+00	-2.792119e+00	-1.605415e+00	0.000000e+00	16	1.353616e-01
-2.669637e+00	-2.956645e+13	0.000000e+00	-2.669637e+00	1.289743e+00	0.000000e+00	16	1.247244e-01
-1.497824e+00	-3.178509e+13	0.000000e+00	-1.497824e+00	-2.300678e+00	0.000000e+00	16	1.000000e+14
-2.630622e+00	-3.006215e+13	0.000000e+00	-2.630622e+00	-1.390859e+00	0.000000e+00	16	3.085730e-01
-2.879112e+00	-2.184923e+13	0.000000e+00	-2.879112e+00	-1.839951e+00	0.000000e+00	17	1.996882e-01
-2.975734e+00	-2.124894e+13	0.000000e+00	-2.975734e+00	-2.163224e+00	0.000000e+00	17	2.291711e-01
-2.998547e+00	-1.653752e+13	0.000000e+00	-2.998547e+00	-2.927921e+00	0.000000e+00	17	1.000000e+14
-3.000000e+00	-1.635768e+13	0.000000e+00	-3.000000e+00	-9.223160e-01	0.000000e+00	17	1.000000e+14
-2.654171e+00	-2.360238e+13	0.000000e+00	-2.654171e+00	-2.524058e+00	0.000000e+00	17	2.510225e-01
-2.360935e+00	-2.361579e+13	0.000000e+00	-2.360935e+00	-1.254005e+00	0.000000e+00	17	2.066502e-01
-2.238063e+00	-2.516623e+13	0.000000e+00	-2.238063e+00	-2.077378e+00	0.000000e+00	17	1.796604e-01
-2.087637e+00	-2.590070e+13	0.000000e+00	-2.087637e+00	-1.665339e+00	0.000000e+00	17	1.000000e+14
-2.971099e+00	-1.892050e+13	0.000000e+00	-2.971099e+00	-1.832318e+00	0.000000e+00	18	1.687418e-01
-2.970965e+00	-2.001887e+13	0.000000e+00	-2.970965e+00	-2.635927e+00	0.000000e+00	18	7.628958e-02
-2.927916e+00	-2.105142e+13	0.000000e+00	-2.927916e+00	-1.288634e+00	0.000000e+00	18	1.000000e+14
-2.933888e+00	-2.042361e+13	0.000000e+00	-2.933888e+00	-1.366259e+00	0.000000e+00	18	5.992308e-02
-2.729681e+00	-2.178930e+13	0.000000e+00	-2.729681e+00	-1.198075e+00	0.000000e+00	18	2.155015e-01
-3.000000e+00	-1.612341e+13	0.000000e+00	-3.000000e+00	-1.854211e+00	0.000000e+00	18	1.000000e+14
-2.224471e+00	-2.443307e+13	0.000000e+00	-2.224471e+00	-1.668548e+00	0.000000e+00	18	1.000000e+14
-2.626001e+00	-2.318869e+13	0.000000e+00	-2.626001e+00	-2.286104e+00	0.000000e+00	18	3.231983e-01
-2.346259e+00	-2.117638e+13	0.000000e+00	-2.346259e+00	-7.961682e-01	0.000000e+00	19	2.608407e-01
-2.928173e+00	-1.715239e+13	0.000000e+00	-2.928173e+00	-1.288634e+00	0.000000e+00	19	2.624118e-01
-2.607308e+00	-2.088044e+13	0.000000e+00	-2.607308e+00	-2.286104e+00	0.000000e+00	19	1.952483e-01
-3.000000e+00	-1.476879e+13	0.000000e+00	-3.000000e+00	-1.534831e+00	0.000000e+00	19	1.000000e+14
-2.999439e+00	-1.592803e+13	0.000000e+00	-2.999439e+00	-7.161747e-01	0.000000e+00	19	1.301786e-01
-2.035176e+00	-2.230967e+13	0.000000e+00	-2.035176e+00	-1.166066e+00	0.000000e+00	19	1.000000e+14
-2.832827e+00	-2.056227e+13	0.000000e+00	-2.832827e+00	-1.382369e+00	0.000000e+00	19	2.756473e-01
-2.826097e+00	-1.742629e+13	0.000000e+00	-2.826097e+00	-2.124824e+00	0.000000e+00	20	2.634767e-01
-2.354719e+00	-2.014866e+13	0.000000e+00	-2.354719e+00	-2.546731e+00	0.000000e+00	20	1.000000e+14
-2.453400e+00	-1.919904e+13	0.000000e+00	-2.453400e+00	-2.018200e+00	0.000000e+00	20	1.561574e-01
-2.489306e+00	-1.850811e+13	0.000000e+00	-2.489306e+00	-1.460649e+00	0.000000e+00	20	2.861391e-01
-2.836506e+00	-1.691512e+13	0.000000e+00	-2.836506e+00	-1.467156e+00	0.000000e+00	20	2.160425e-01
-2.998533e+00	-1.411823e+13	0.000000e+00	-2.998533e+00	-1.190315e+00	0.000000e+00	20	5.972118e-02
-2.999236e+00	-1.389795e+13	0.000000e+00	-2.999236e+00	-2.140588e+00	0.000000e+00	20	1.563596e-02
-3.000000e+00	-1.383649e+13	0.000000e+00	-3.000000e+00	-1.458894e+00	0.000000e+00	20	1.000000e+14
-2.996402e+00	-1.500114e+13	0.000000e+00	-2.996402e+00	6.646565e-01	0.000000e+00	20	1.000000e+14
-2.807873e+00	-1.675779e+13	0.000000e+00	-2.807873e+00	-6.271524e-01	0.000000e+00	21	2.906527e-01
-2.309981e+00	-1.703797e+13	0.000000e+00	-2.309981e+00	-1.658513e+00	0.000000e+00	21	3.807779e-01
-1.819274e+00	-1.815526e+13	0.000000e+00	-1.819274e+00	-1.400728e+00	0.000000e+00	21	1.000000e+14
-2.827721e+00	-1.505223e+13	0.000000e+00	-2.827721e+00	-1.344134e+00	0.000000e+00	21	2.323916e-01
-2.970664e+00	-1.419559e+13	0.000000e+00	-2.970664e+00	-2.436714e+00	0.000000e+00	21	1.371983e-01
-3.000000e+00	-1.357418e+13	0.000000e+00	-3.000000e+00	-2.111853e+00	0.000000e+00	21	1.000000e+14
-2.977243e+00	-1.374681e+13	0.000000e+00	-2.977243e+00	-2.260248e+00	0.000000e+00	21	1.000000e+14
-2.999993e+00	-1.358206e+13	0.000000e+00	-2.999993e+00	-2.040677e+00	0.000000e+00	21	1.898571e-02
-2.730046e+00	-1.587183e+13	0.000000e+00	-2.730046e+00	-2.033127e+00	0.000000e+00	22	4.638893e-01
-1.713044e+00	-1.657053e+13	0.000000e+00	-1.713044e+00	-1.641054e+00	0.000000e+00	22	1.000000e+14
-2.868213e+00	-1.378386e+13	0.000000e+00	-2.868213e+00	-1.470788e+00	0.000000e+00	22	1.735422e-01
-2.903992e+00	-1.369772e+13	0.000000e+00	-2.903992e+00	-1.527454e+00	0.000000e+00	22	5.438429e-02
-2.999864e+00	-1.344062e+13	0.000000e+00	-2.999864e+00	-1.781450e+00	0.000000e+00	22	1.000000e+14
-3.000000e+00	-1.093031e+13	0.000000e+00	-3.000000e+00	-1.254005e+00	0.000000e+00	22	1.000000e+14
-3.000000e+00	-1.327691e+13	0.000000e+00	-3.000000e+00	-1.474043e+00	0.000000e+00	22	1.483931e-01
-2.999291e+00	-1.332680e+13	0.000000e+00	-2.999291e+00	-1.723145e+00	0.000000e+00	23	5.515374e-02
-2.642498e+00	-1.533256e+13	0.000000e+00	-2.642498e+00	-1.531646e+00	0.000000e+00	23	1.000000e+14
-2.016229e+00	-1.560693e+13	0.000000e+00	-2.016229e+00	-1.530944e+00	0.000000e+00	23	1.000000e+14
-2.999999e+00	-1.318891e+13	0.000000e+00	-2.999999e+00	-1.911790e+00	0.000000e+00	23	1.763221e-01
-2.855655e+00	-1.361617e+13	0.000000e+00	-2.855655e+00	-1.866068e+00	0.000000e+00	23	2.138178e-01
-3.000000e+00	-1.077362e+13	0.000000e+00	-3.000000e+00	-2.574192e+00	0.000000e+00	23	1.000000e+14
-2.897546e+00	-1.348528e+13	0.000000e+00	-2.897546e+00	-1.233396e+00	0.000000e+00	23	6.862526e-02
-2.562166e+00	-1.448367e+13	0.000000e+00	-2.562166e+00	-2.392486e+00	0.000000e+00	24	1.000000e+14
-2.999293e+00	-1.267189e+13	0.000000e+00	-2.999293e+00	-1.287554e+00	0.000000e+00	24	5.595575e-02
-2.714769e+00	-1.309433e+13	0.000000e+00	-2.714769e+00	-1.450212e+00	0.000000e+00	24	4.654949e-01
-3.000000e+00	-1.050968e+13	0.000000e+00	-3.000000e+00	-2.927921e+00	0.000000e+00	24	1.000000e+14
-2.998695e+00	-1.289620e+13	0.000000e+00	-2.998695e+00	-2.071083e+00	0.000000e+00	24	2.520485e-01
-2.999981e+00	-1.224077e+13	0.000000e+00	-2.999981e+00	-2.011631e+00	0.000000e+00	24	1.819015e-01
-1.741975e+00	-1.382312e+13	0.000000e+00	-1.741975e+00	-6.404728e-01	0.000000e+00	25	4.379757e-01
-9.077399e-01	-1.385119e+13	0.000000e+00	-9.077399e-01	-1.101135e+00	0.000000e+00	25	1.000000e+14
-3.000000e+00	-1.047681e+13	0.000000e+00	-3.000000e+00	-1.652163e+00	0.000000e+00	25	1.000000e+14
-2.934207e+00	-1.268577e+13	0.000000e+00	-2.934207e+00	-1.548728e+00	0.000000e+00	25	3.343267e-01
-2.999259e+00	-1.201211e+13	0.000000e+00	-2.999259e+00	-1.297898e+00	0.000000e+00	25	1.966584e-01
-2.999166e+00	-1.246627e+13	0.000000e+00	-2.999166e+00	-2.046372e+00	0.000000e+00	25	1.000000e+14
-3.000000e+00	-9.214239e+12	0.000000e+00	-3.000000e+00	-2.441673e+00	0.000000e+00	26	1.000000e+14
-2.999827e+00	-9.954097e+12	0.000000e+00	-2.999827e+00	-2.024128e+00	0.000000e+00	26	1.136604e-01
-2.999738e+00	-1.013519e+13	0.000000e+00	-2.999738e+00	-1.379158e+00	0.000000e+00	26	1.155107e-01
-2.999050e+00	-1.075290e+13	0.000000e+00	-2.999050e+00	-2.685869e+00	0.000000e+00	26	1.000000e+14
-2.989168e+00	-1.212146e+13	0.000000e+00	-2.989168e+00	-2.070948e+00	0.000000e+00	26	1.000000e+14
-2.932442e+00	-1.188867e+13	0.000000e+00	-2.932442e+00	-1.239373e+00	0.000000e+00	27	1.000000e+14
-2.986283e+00	-1.100431e+13	0.000000e+00	-2.986283e+00	-1.336794e+00	0.000000e+00	27	2.754968e-01
-2.981459e+00	-1.117387e+13	0.000000e+00	-2.981459e+00	-2.018200e+00	0.000000e+00	27	3.600732e-01
-2.999810e+00	-9.398377e+12	0.000000e+00	-2.999810e+00	-2.293716e+00	0.000000e+00	27	4.526015e-02
-3.000000e+00	-8.766575e+12	0.000000e+00	-3.000000e+00	-2.000663e+00	0.000000e+00	27	1.000000e+14
-2.999918e+00	-9.022617e+12	0.000000e+00	-2.999918e+00	-1.822174e+00	0.000000e+00	27	6.096991e-02
-2.999964e+00	-8.834453e+12	0.000000e+00	-2.999964e+00	-1.445992e+00	0.000000e+00	27	2.774154e-02
-2.999298e+00	-9.417887e+12	0.000000e+00	-2.999298e+00	-1.313157e+00	0.000000e+00	27	1.000000e+14
-2.956568e+00	-1.114629e+13	0.000000e+00	-2.956568e+00	-2.163224e+00	0.000000e+00	28	1.269806e-01
-2.964305e+00	-1.108383e+13	0.000000e+00	-2.964305e+00	-2.163224e+00	0.000000e+00	28	2.947855e-01
-2.789796e+00	-1.178250e+13	0.000000e+00	-2.789796e+00	-1.536135e+00	0.000000e+00	28	1.000000e+14
-2.900688e+00	-1.132206e+13	0.000000e+00	-2.900688e+00	-1.837059e+00	0.000000e+00	28	3.341592e-01
-2.994819e+00	-9.009193e+12	0.000000e+00	-2.994819e+00	-1.405794e+00	0.000000e+00	28	1.000000e+14
-2.999830e+00	-8.912466e+12	0.000000e+00	-2.999830e+00	-1.709774e+00	0.000000e+00	28	3.772202e-02
-3.000000e+00	-8.739861e+12	0.000000e+00	-3.000000e+00	-4.894465e-01	0.000000e+00	28	1.000000e+14
-2.712692e+00	-1.097835e+13	0.000000e+00	-2.712692e+00	-2.931005e+00	0.000000e+00	29	1.000000e+14
-2.654999e+00	-1.117617e+13	0.000000e+00	-2.654999e+00	-1.784252e+00	0.000000e+00	29	1.780765e-01
-2.920290e+00	-1.063214e+13	0.000000e+00	-2.920290e+00	-1.349605e+00	0.000000e+00	29	3.516861e-01
-2.521303e+00	-1.155295e+13	0.000000e+00	-2.521303e+00	-1.307803e+00	0.000000e+00	29	1.000000e+14
-2.999999e+00	-8.734453e+12	0.000000e+00	-2.999999e+00	-1.031717e+00	0.000000e+00	29	1.369041e-01
-2.978254e+00	-8.839735e+12	0.000000e+00	-2.978254e+00	-3.704285e-01	0.000000e+00	29	2.034821e-01
-3.000000e+00	-7.278251e+12	0.000000e+00	-3.000000e+00	-1.605597e+00	0.000000e+00	29	1.000000e+14
-2.894583e+00	-1.058753e+13	0.000000e+00	-2.894583e+00	-2.428014e+00	0.000000e+00	30	2.917111e-01
-2.564573e+00	-1.089860e+13	0.000000e+00	-2.564573e+00	-1.647705e+00	0.000000e+00	30	2.994201e-01
-1.873651e+00	-1.113529e+13	0.000000e+00	-1.873651e+00	-1.378992e-01	0.000000e+00	30	1.000000e+14
-1.996503e+00	-1.105583e+13	0.000000e+00	-1.996503e+00	-1.911038e+00	0.000000e+00	30	2.214761e-01
-3.000000e+00	-6.495247e+12	0.000000e+00	-3.000000e+00	-1.706396e+00	0.000000e+00	30	1.000000e+14
-2.999999e+00	-7.004568e+12	0.000000e+00	-2.999999e+00	-2.228543e+00	0.000000e+00	30	3.803434e-02
-2.999986e+00	-7.024632e+12	0.000000e+00	-2.999986e+00	-2.028090e+00	0.000000e+00	30	4.598752e-02
-2.999810e+00	-8.630916e+12	0.000000e+00	-2.999810e+00	-2.392486e+00	0.000000e+00	30	1.804211e-01
-2.999867e+00	-8.509773e+12	0.000000e+00	-2.999867e+00	-2.041589e+00	0.000000e+00	30	7.090284e-02
-2.999970e+00	-7.644599e+12	0.000000e+00	-2.999970e+00	-2.297373e+00	0.000000e+00	30	1.067255e-01
-1.741975e+00	-1.108790e+13	0.000000e+00	-1.741975e+00	-1.155781e+00	0.000000e+00	31	1.000000e+14
-2.868213e+00	-9.769512e+12	0.000000e+00	-2.868213e+00	-1.466823e+00	0.000000e+00	31	2.921757e-01
-2.552455e+00	-1.085434e+13	0.000000e+00	-2.552455e+00	-1.686664e+00	0.000000e+00	31	1.000000e+14
-3.000000e+00	-6.378501e+12	0.000000e+00	-3.000000e+00	-2.519949e+00	0.000000e+00	31	1.000000e+14
-2.997513e+00	-8.392498e+12	0.000000e+00	-2.997513e+00	-2.448199e+00	0.000000e+00	31	1.431277e-01
-2.999639e+00	-8.239371e+12	0.000000e+00	-2.999639e+00	-1.271040e+00	0.000000e+00	31	2.170019e-02
-2.999764e+00	-8.094341e+12	0.000000e+00	-2.999764e+00	-1.549051e+00	0.000000e+00	31	5.268347e-02
-2.999784e+00	-7.495589e+12	0.000000e+00	-2.999784e+00	-7.854325e-01	0.000000e+00	31	1.215105e-01
-2.348890e+00	-1.082346e+13	0.000000e+00	-2.348890e+00	-2.495258e+00	0.000000e+00	32	1.000000e+14
-2.729272e+00	-9.583693e+12	0.000000e+00	-2.729272e+00	-2.111672e+00	0.000000e+00	32	3.805506e-01
-2.830407e+00	-8.971554e+12	0.000000e+00	-2.830407e+00	-2.040314e+00	0.000000e+00	32	1.558947e-01
-3.000000e+00	-6.218094e+12	0.000000e+00	-3.000000e+00	-3.668732e-01	0.000000e+00	32	1.000000e+14
-2.999622e+00	-6.340376e+12	0.000000e+00	-2.999622e+00	-7.168271e-01	0.000000e+00	32	6.666416e-02
-2.933159e+00	-8.304469e+12	0.000000e+00	-2.933159e+00	-2.007106e+00	0.000000e+00	32	9.107890e-02
-2.862937e+00	-8.375259e+12	0.000000e+00	-2.862937e+00	-2.953197e+00	0.000000e+00	32	1.000000e+14
-2.999344e+00	-7.134491e+12	0.000000e+00	-2.999344e+00	-7.014430e-01	0.000000e+00	32	1.261801e-01
-2.980092e+00	-7.945559e+12	0.000000e+00	-2.980092e+00	6.416197e-01	0.000000e+00	32	1.185656e-01
-2.311277e+00	-1.031029e+13	0.000000e+00	-2.311277e+00	-1.060265e+00	0.000000e+00	33	1.000000e+14
-2.331507e+00	-1.008062e+13	0.000000e+00	-2.331507e+00	-1.784252e+00	0.000000e+00	33	2.929932e-01
-2.697088e+00	-8.884874e+12	0.000000e+00	-2.697088e+00	-2.467821e+00	0.000000e+00	33	4.685914e-01
-2.999923e+00	-5.844753e+12	0.000000e+00	-2.999923e+00	-2.436714e+00	0.000000e+00	33	2.880944e-03
-2.999867e+00	-5.876830e+12	0.000000e+00	-2.999867e+00	-2.038964e+00	0.000000e+00	33	1.000000e+14
-3.000000e+00	-5.839052e+12	0.000000e+00	-3.000000e+00	-1.454831e+00	0.000000e+00	33	1.000000e+14
-2.970030e+00	-7.158738e+12	0.000000e+00	-2.970030e+00	-1.430408e+00	0.000000e+00	33	9.124402e-02
-2.994827e+00	-6.877475e+12	0.000000e+00	-2.994827e+00	-1.719460e+00	0.000000e+00	33	4.823609e-02
-2.995181e+00	-6.674992e+12	0.000000e+00	-2.995181e+00	-2.688173e+00	0.000000e+00	33	7.703773e-02
-2.968978e+00	-7.933578e+12	0.000000e+00	-2.968978e+00	-2.923473e+00	0.000000e+00	33	2.607852e-01
-2.915093e+00	-7.795041e+12	0.000000e+00	-2.915093e+00	-8.346017e-01	0.000000e+00	34	2.352713e-01
-2.949373e+00	-7.348431e+12	0.000000e+00	-2.949373e+00	-2.229045e+00	0.000000e+00	34	1.359163e-01
-2.254056e+00	-9.029850e+12	0.000000e+00	-2.254056e+00	-1.288634e+00	0.000000e+00	34	1.000000e+14
-2.642498e+00	-8.299751e+12	0.000000e+00	-2.642498e+00	-1.706396e+00	0.000000e+00	34	2.377377e-01
-2.348890e+00	-8.630737e+12	0.000000e+00	-2.348890e+00	-2.656415e+00	0.000000e+00	34	1.850402e-01
-2.517786e+00	-8.378553e+12	0.000000e+00	-2.517786e+00	-1.956880e-01	0.000000e+00	34	1.653473e-01
-2.999250e+00	-5.865673e+12	0.000000e+00	-2.999250e+00	-1.280630e+00	0.000000e+00	34	3.354540e-02
-3.000000e+00	-5.798706e+12	0.000000e+00	-3.000000e+00	-2.131761e+00	0.000000e+00	34	1.000000e+14
-2.993737e+00	-6.096746e+12	0.000000e+00	-2.993737e+00	-1.832175e+00	0.000000e+00	34	8.900940e-02
-2.992099e+00	-6.697504e+12	0.000000e+00	-2.992099e+00	-2.308351e+00	0.000000e+00	34	7.442701e-02
-2.991311e+00	-6.807693e+12	0.000000e+00	-2.991311e+00	-2.159190e+00	0.000000e+00	34	1.000000e+14
-2.923036e+00	-7.211255e+12	0.000000e+00	-2.923036e+00	-1.756032e+00	0.000000e+00	35	1.000000e+14
-2.802130e+00	-7.280020e+12	0.000000e+00	-2.802130e+00	-1.135743e+00	0.000000e+00	35	1.879509e-01
-2.855681e+00	-7.258662e+12	0.000000e+00	-2.855681e+00	-1.385894e+00	0.000000e+00	35	4.288022e-02
-2.934733e+00	-7.201706e+12	0.000000e+00	-2.934733e+00	-1.914324e+00	0.000000e+00	35	8.331095e-02
-2.176403e+00	-8.964133e+12	0.000000e+00	-2.176403e+00	-2.093289e+00	0.000000e+00	35	2.778370e-01
-1.880121e+00	-9.008748e+12	0.000000e+00	-1.880121e+00	-2.112211e+00	0.000000e+00	35	1.000000e+14
-2.291092e+00	-7.457208e+12	0.000000e+00	-2.291092e+00	-2.277796e+00	0.000000e+00	35	3.550473e-01
-3.000000e+00	-5.796853e+12	0.000000e+00	-3.000000e+00	-2.028898e+00	0.000000e+00	35	2.428526e-02
-3.000000e+00	-5.683067e+12	0.000000e+00	-3.000000e+00	-1.258380e+00	0.000000e+00	35	1.000000e+14
-2.950676e+00	-6.462138e+12	0.000000e+00	-2.950676e+00	-1.339348e+00	0.000000e+00	35	1.473549e-01
-2.992099e+00	-5.901897e+12	0.000000e+00	-2.992099e+00	-1.850835e+00	0.000000e+00	35	8.136300e-02
-2.926195e+00	-6.910613e+12	0.000000e+00	-2.926195e+00	-2.893564e+00	0.000000e+00	36	6.576941e-02
-2.839279e+00	-7.215409e+12	0.000000e+00	-2.839279e+00	-2.967162e+00	0.000000e+00	36	1.000000e+14
-2.742260e+00	-7.255943e+12	0.000000e+00	-2.742260e+00	-1.520178e+00	0.000000e+00	36	4.388115e-01
-2.931439e+00	-6.882997e+12	0.000000e+00	-2.931439e+00	-1.049759e+00	0.000000e+00	36	9.210477e-02
-1.925537e+00	-8.604290e+12	0.000000e+00	-1.925537e+00	-1.176904e+00	0.000000e+00	36	1.000000e+14
-3.000000e+00	-5.623966e+12	0.000000e+00	-3.000000e+00	-2.130156e+00	0.000000e+00	36	1.000000e+14
-2.999779e+00	-5.743918e+12	0.000000e+00	-2.999779e+00	-2.663523e+00	0.000000e+00	36	1.396818e-02
-2.999050e+00	-5.746220e+12	0.000000e+00	-2.999050e+00	-2.498812e+00	0.000000e+00	36	2.171113e-02
-2.975462e+00	-5.870586e+12	0.000000e+00	-2.975462e+00	-2.569881e+00	0.000000e+00	36	6.072824e-02
-2.949336e+00	-6.151295e+12	0.000000e+00	-2.949336e+00	-1.798866e+00	0.000000e+00	36	1.268901e-01
-2.659227e+00	-7.087855e+12	0.000000e+00	-2.659227e+00	-1.322858e+00	0.000000e+00	37	1.000000e+14
-2.842549e+00	-6.688336e+12	0.000000e+00	-2.842549e+00	-2.230977e+00	0.000000e+00	37	2.631933e-01
-1.529480e+00	-8.018810e+12	0.000000e+00	-1.529480e+00	-2.460227e+00	0.000000e+00	37	1.000000e+14
-2.925963e+00	-5.623235e+12	0.000000e+00	-2.925963e+00	-1.377970e+00	0.000000e+00	37	1.848621e-01
-3.000000e+00	-5.610651e+12	0.000000e+00	-3.000000e+00	-1.829114e+00	0.000000e+00	37	1.000000e+14
-2.826097e+00	-5.860232e+12	0.000000e+00	-2.826097e+00	-2.231478e+00	0.000000e+00	38	4.240040e-01
-2.495343e+00	-6.452050e+12	0.000000e+00	-2.495343e+00	-2.483590e+00	0.000000e+00	38	2.281114e-01
-2.389585e+00	-7.050456e+12	0.000000e+00	-2.389585e+00	-1.196540e+00	0.000000e+00	38	1.000000e+14
-2.520447e+00	-6.317126e+12	0.000000e+00	-2.520447e+00	-2.322964e+00	0.000000e+00	38	3.070381e-01
-3.000000e+00	-5.490020e+12	0.000000e+00	-3.000000e+00	-1.254005e+00	0.000000e+00	38	1.000000e+14
-2.973643e+00	-5.490762e+12	0.000000e+00	-2.973643e+00	-1.767523e+00	0.000000e+00	38	1.000000e+14
-3.000000e+00	-5.255595e+12	0.000000e+00	-3.000000e+00	-1.871958e+00	0.000000e+00	39	1.000000e+14
-9.734491e-01	-6.581748e+12	0.000000e+00	-9.734491e-01	-1.805536e+00	0.000000e+00	39	1.000000e+14
